advance
age
build
burn
burn
burn
change
climb
cook
decline
develop
divide
drop
expand
fail
fall
freeze
grow
improve
increase
lift
mount
recover
reduce
relax
rise
set
slip
stretch
suffer
turn
vary
wear
break down
build up
clear up
close up
come along
come down
die back
die down
draw in
drop off
fall apart
fall away
fall off
fill out
freeze over
go down
go off
go up
grow out
grow up
be looking up
mount up
move along
move down
move up 
pick up
rise up
shoot up
spread out
turn down
wear down
wear out