accept
acknowledge
agree
anticipate
appreciate
assume
believe
bet
calculate
conceive
concur
conjecture
consider
credit
decide
determine
disagree
disbelieve
doubt
dread
dream
dreamed
envisage
envision
estimate
expect
fancy
fantasise
fantasize
fear
feel
figure
foresee
forget
fret
gather
grasp
guess
hallucinate
hold
hope
hypothesise
hypothesize
imagine
intend
know
marvel
mind
muse
pray
prefer
presume
realise
realize
reason
reckon
reflect
regret
rejoice
remember
resolve
see
speculate
suppose
surmise
suspect
theorize
think
trust
understand
vow
wish
wonder
worry
