#sarcasm
#SARCASM
#Sarcasm
#Dumbass
#greatstart
#PRISM
#getout
#ThatsRealLeadership
#letsgo
#TurnItOff
#thisisboring
#Annoyed
#teacherproblems
#Serious
#stankees
#hugeroundone
#denial
#SMH
#annoyed
#whyIhateFacebook
#not
#notreally
#nosale
#whoknew
#wonderfulmovie
#makesmefeelsogoodinside
#sogood
#Hmmm
#butseriously
#lovinglife
#sarcasmOFF
#fml
#ihategirls
#haha
#dismissed
#shutdown
#stalker
#love
#truestory
#creeper
#wastedmoney
#BestThingEver
#greatfeeling
#ouch
#realcool
#sweet
#sarcasmexplosion
#lololol
#yaay
#lying
#thanksdude
#yay
#bringiton
#sarcasme
#hateit
#goodone
#rebel
#BS
#sarcasmatitsfinest
#iwishicouldtweet
#yourcool
#niceday
#sarcasmintented
#bitchtweet
#sarcasmototal
#irony
#lies
#terrified
#notcool
#idiots
#tofunny
#laughing
#humor
#funnies
#true
#awesome
#exactly
