aint
are not
are not so
aren
aren't
aren't so
arent
arnt
avnt
can not
can't
cannot
canot
cant
carnt
cdnt
cldnt
cnt
coldnt
coodnt
coudnt
could't
couldent
couldn
couldn't
couldnt
couldt
coulnt
cudent
cudnt
culdnt
ddnt
did not
did not look
did nt
did't
didcot
diddnt
dident
didint
didn
didn'
didn't
didnot
didnt
didny
didt
dnot
dnt
do not
do nt
doesn't
doesnt
don t
don't
donot
dont
dosent
dosnt
dunt
hadn't
hadnt
has not
hasent
hasn
hasn't
hasnt
havant
haven t
haven't
havent
havnt
hsnt
hvnt
isn't
isnt
never
no
no any
no one
no one is
no one was
noo
noone
nooope
nop
not
not been
not being
not enough
not have
nothing
nowhere
nt
nvr
shouldnt
was't
wasent
wasn
wasn't
wasnot
wasnt
weren't
werent
wernt
without
without a
without any
wldnt
woudnt
would not
would't
woulda
wouldn
wouldnt
wouldve
woznt
wsnt
wthout
wudnt
wunt
wouldn't
