abhorrent
abominable
abominably
awful
beastly
churn up
cloying
creepy
detestable
detestably
disgust
disgust
disgusted
disgustedly
disgustful
disgusting
disgustingly
distasteful
distastefully
fed up
foul
frightful
ghastly
gross
gruesome
hateful
hideous
horrid
horrific
horror
icky
loathly
loathsome
lousy
macabre
monstrous
nasty
nausea
nauseate
nauseated
nauseating
nauseous
noisome
objectionable
obnoxious
obscene
odious
odiously
offensive
outrageous
queasy
repel
repellant
repellent
repugnance
repugnant
repulse
repulsion
repulsive
repulsively
revolt
revolting
revoltingly
revulsion
rotten
scandalous
scuzzy
shameless
shocking
sick
sick_of
sicken
sickening
sickeningly
sickish
sleazy
stinking
tired of
turn_off
vile
vulgar
wicked
yucky
D:<
D:
D;
D=
v.v
D-':
ugly
useless
poop
horrible
horrid
nasty
manure
>_<
