cute	category=adjective	score=0.5
ahhh	category=interjection	score=0.5
adorable	category=adjective	score=0.5
fluffy	category=adjective	score=0.5
adorably	categpry=adverb	score=0.5
charming	category=adjective	score=0.5
pretty	category=adjective	score=0.5
divine	category=adjective	score=0.5
dreamy	category=adjective	score=0.5
cuddly	category=adjective	score=0.5
beautiful	category=adjective	score=0.5
dainty	category=adjective	score=0.5
delightful	category=adjective	score=0.5
ambrosial	category=adjective	score=0.5
attractive	category=adjective	score=0.5
captivating	category=adjective	score=0.5
darling	category=adjective	score=0.5
delectable	category=adjective	score=0.5
delicious	category=adjective	score=0.5
dishy	category=adjective	score=0.5
dreamy	category=adjective	score=0.5
heavenly	category=adjective	score=0.5
luscious	category=adjective	score=0.5
sexy	category=adjective	score=0.5
suave	category=adjective	score=0.5
